#
# A fatal error has been detected by the Java Runtime Environment:
#
#  EXCEPTION_ACCESS_VIOLATION (0xc0000005) at pc=0x00000000628ab7b0, pid=2808, tid=0x000000000000168c
#
# JRE version: OpenJDK Runtime Environment (8.0_242-b01) (build 1.8.0_242-release-1644-b01)
# Java VM: OpenJDK 64-Bit Server VM (25.242-b01 mixed mode windows-amd64 compressed oops)
# Problematic frame:
# V  [jvm.dll+0x8b7b0]
#
# Failed to write core dump. Minidumps are not enabled by default on client versions of Windows
#
# If you would like to submit a bug report, please visit:
#   
#

---------------  T H R E A D  ---------------

Current thread (0x0000000001e50000):  GCTaskThread [stack: 0x0000000012270000,0x0000000012370000] [id=5772]

siginfo: ExceptionCode=0xc0000005, reading address 0x0000000000000008

Registers:
RAX=0x0000000000000000, RBX=0x00000000f9e08010, RCX=0x00000000f9e08010, RDX=0x0000000000000000
RSP=0x000000001236f398, RBP=0x00000000118b5f81, RSI=0x00000000561e6d80, RDI=0x00000000a2bef288
R8 =0x00000000561e6d80, R9 =0x000000000000002e, R10=0x0000000000000008, R11=0x00000000f4f56040
R12=0x00000000118b5f78, R13=0x0000000000000000, R14=0x0000000000000000, R15=0x0000000001e49ab0
RIP=0x00000000628ab7b0, EFLAGS=0x0000000000010246

Top of Stack: (sp=0x000000001236f398)
0x000000001236f398:   0000000062bf27b2 00000000f9df7fe0
0x000000001236f3a8:   0000000000000003 00000000561e6d80
0x000000001236f3b8:   00000000fa5c5558 00000000f4f4e050
0x000000001236f3c8:   0000000062bf2efb 0000000000000000
0x000000001236f3d8:   0000000000000005 0000000000000000
0x000000001236f3e8:   00000000561e6d00 00000000118b5f78
0x000000001236f3f8:   0000000062bf2b20 00000000f4f522f0
0x000000001236f408:   00000000118b5f81 00000000561e6d80
0x000000001236f418:   00000000a2bef288 00000000f4f522f0
0x000000001236f428:   0000000062bf36c5 00000000f9df0010
0x000000001236f438:   00000000118b5f81 00000000561e6d80
0x000000001236f448:   0000000000080002 00000000561e6d80
0x000000001236f458:   00000000561e6d80 00000000a296246c
0x000000001236f468:   000000006290fdb0 00000000561e6d80
0x000000001236f478:   000000006290e3a3 00000000a2aa7ba1
0x000000001236f488:   00000000a2aa7ba1 00000000a2bef044 

Instructions: (pc=0x00000000628ab7b0)
0x00000000628ab790:   1c 8f 1d 00 48 8b 9c 24 c0 00 00 00 48 81 c4 b0
0x00000000628ab7a0:   00 00 00 5d c3 cc cc cc cc cc cc cc cc cc cc cc
0x00000000628ab7b0:   44 8b 42 08 4c 8b ca 45 85 c0 7e 0e 41 f6 c0 01
0x00000000628ab7c0:   75 57 41 c1 f8 03 41 8b c0 c3 79 4d 80 3d 7e 97 


Register to memory mapping:

RAX=0x0000000000000000 is an unknown value
RBX=0x00000000f9e08010 is an unknown value
RCX=0x00000000f9e08010 is an unknown value
RDX=0x0000000000000000 is an unknown value
RSP=0x000000001236f398 is an unknown value
RBP=0x00000000118b5f81 is an unknown value
RSI=0x00000000561e6d80 is an unknown value
RDI=0x00000000a2bef288 is an oop
org.gradle.internal.hash.HashCode 
 - klass: 'org/gradle/internal/hash/HashCode'
R8 =0x00000000561e6d80 is an unknown value
R9 =0x000000000000002e is an unknown value
R10=0x0000000000000008 is an unknown value
R11=0x00000000f4f56040 is an oop

[error occurred during error reporting (printing register info), id 0xc0000005]

Stack: [0x0000000012270000,0x0000000012370000],  sp=0x000000001236f398,  free space=1020k
Native frames: (J=compiled Java code, j=interpreted, Vv=VM code, C=native code)
V  [jvm.dll+0x8b7b0]


---------------  P R O C E S S  ---------------

Java Threads: ( => current thread )
  0x000000005cda8800 JavaThread "Cache worker for execution history cache (E:\XcelTec\TaPago\.gradle\5.1.1\executionHistory)" [_thread_blocked, id=4164, stack(0x00000000675a0000,0x00000000676a0000)]
  0x000000005cdaa800 JavaThread "Execution worker for ':' Thread 3" [_thread_blocked, id=5400, stack(0x0000000066e00000,0x0000000066f00000)]
  0x000000005cdaa000 JavaThread "Execution worker for ':' Thread 2" [_thread_blocked, id=5800, stack(0x0000000066500000,0x0000000066600000)]
  0x000000005fadc000 JavaThread "Execution worker for ':'" [_thread_blocked, id=432, stack(0x0000000066c90000,0x0000000066d90000)]
  0x000000005fadb800 JavaThread "Cache worker for file content cache (E:\XcelTec\TaPago\.gradle\5.1.1\fileContent)" [_thread_blocked, id=1852, stack(0x00000000663d0000,0x00000000664d0000)]
  0x000000005fadd000 JavaThread "Cache worker for Build Output Cleanup Cache (E:\XcelTec\TaPago\.gradle\buildOutputCleanup)" [_thread_blocked, id=5304, stack(0x0000000065cb0000,0x0000000065db0000)]
  0x000000005fae0000 JavaThread "Build operations Thread 4" [_thread_blocked, id=5324, stack(0x0000000066260000,0x0000000066360000)]
  0x000000005fad9800 JavaThread "Build operations Thread 3" [_thread_blocked, id=4724, stack(0x0000000066120000,0x0000000066220000)]
  0x000000005fade800 JavaThread "Build operations Thread 2" [_thread_blocked, id=4616, stack(0x0000000060ce0000,0x0000000060de0000)]
  0x000000005fadf000 JavaThread "Build operations" [_thread_blocked, id=4460, stack(0x000000005a1d0000,0x000000005a2d0000)]
  0x000000005fadd800 JavaThread "Cache worker for cache directory md-rule (C:\Users\Keval\.gradle\caches\5.1.1\md-rule)" [_thread_blocked, id=2516, stack(0x00000000626e0000,0x00000000627e0000)]
  0x000000005fada800 JavaThread "Cache worker for cache directory md-supplier (C:\Users\Keval\.gradle\caches\5.1.1\md-supplier)" [_thread_blocked, id=4240, stack(0x000000005f5d0000,0x000000005f6d0000)]
  0x00000000596d3800 JavaThread "Cache worker for file hash cache (E:\XcelTec\TaPago\.gradle\5.1.1\fileHashes)" [_thread_blocked, id=4988, stack(0x00000000620e0000,0x00000000621e0000)]
  0x00000000596d6800 JavaThread "Thread-49" [_thread_blocked, id=5328, stack(0x0000000061fe0000,0x00000000620e0000)]
  0x00000000596cd000 JavaThread "Stdin handler" [_thread_blocked, id=4188, stack(0x0000000060ba0000,0x0000000060ca0000)]
  0x00000000596d0800 JavaThread "Asynchronous log dispatcher for DefaultDaemonConnection: socket connection from /127.0.0.1:59263 to /127.0.0.1:60853" [_thread_blocked, id=3092, stack(0x000000005f4c0000,0x000000005f5c0000)]
  0x00000000596d2000 JavaThread "Daemon worker Thread 3" [_thread_blocked, id=5128, stack(0x000000005ef50000,0x000000005f050000)]
  0x00000000596d2800 JavaThread "Cancel handler" [_thread_blocked, id=5132, stack(0x000000005f300000,0x000000005f400000)]
  0x00000000596d1000 JavaThread "Handler for socket connection from /127.0.0.1:59263 to /127.0.0.1:60853" [_thread_in_native, id=3672, stack(0x000000005a0d0000,0x000000005a1d0000)]
  0x00000000596cc800 JavaThread "Daemon Thread 3" [_thread_blocked, id=3020, stack(0x000000005db40000,0x000000005dc40000)]
  0x00000000596d4000 JavaThread "Cache worker for Java compile cache (C:\Users\Keval\.gradle\caches\5.1.1\javaCompile)" [_thread_blocked, id=2032, stack(0x000000005a860000,0x000000005a960000)]
  0x000000005cdac000 JavaThread "Cache worker for file content cache (C:\Users\Keval\.gradle\caches\5.1.1\fileContent)" [_thread_blocked, id=6064, stack(0x00000000668e0000,0x00000000669e0000)]
  0x00000000596d5000 JavaThread "Memory manager" [_thread_blocked, id=2412, stack(0x0000000065970000,0x0000000065a70000)]
  0x00000000596ce000 JavaThread "Cache worker for execution history cache (C:\Users\Keval\.gradle\caches\5.1.1\executionHistory)" [_thread_blocked, id=5752, stack(0x000000005dcf0000,0x000000005ddf0000)]
  0x00000000596c8000 JavaThread "Cache worker for journal cache (C:\Users\Keval\.gradle\caches\journal-1)" [_thread_blocked, id=5012, stack(0x000000005aea0000,0x000000005afa0000)]
  0x00000000596c7000 JavaThread "File lock request listener" [_thread_in_native, id=4636, stack(0x000000005a4f0000,0x000000005a5f0000)]
  0x00000000597c7800 JavaThread "Cache worker for file hash cache (C:\Users\Keval\.gradle\caches\5.1.1\fileHashes)" [_thread_blocked, id=4960, stack(0x000000005a6f0000,0x000000005a7f0000)]
  0x0000000059289800 JavaThread "Daemon periodic checks" [_thread_blocked, id=3748, stack(0x0000000059c00000,0x0000000059d00000)]
  0x0000000059397800 JavaThread "Incoming local TCP Connector on port 59263" [_thread_in_native, id=1556, stack(0x0000000059f90000,0x000000005a090000)]
  0x00000000575a3800 JavaThread "Service Thread" daemon [_thread_blocked, id=1972, stack(0x0000000057bd0000,0x0000000057cd0000)]
  0x0000000057541000 JavaThread "C1 CompilerThread2" daemon [_thread_blocked, id=3828, stack(0x0000000057f90000,0x0000000058090000)]
  0x000000005752b000 JavaThread "C2 CompilerThread1" daemon [_thread_blocked, id=5500, stack(0x0000000057d00000,0x0000000057e00000)]
  0x0000000057523800 JavaThread "C2 CompilerThread0" daemon [_thread_blocked, id=5620, stack(0x00000000579b0000,0x0000000057ab0000)]
  0x0000000057522800 JavaThread "Attach Listener" daemon [_thread_blocked, id=5040, stack(0x0000000057ab0000,0x0000000057bb0000)]
  0x000000005625f000 JavaThread "Signal Dispatcher" daemon [_thread_blocked, id=6072, stack(0x0000000057210000,0x0000000057310000)]
  0x0000000056238800 JavaThread "Finalizer" daemon [_thread_blocked, id=5624, stack(0x0000000057420000,0x0000000057520000)]
  0x0000000056231800 JavaThread "Reference Handler" daemon [_thread_blocked, id=3344, stack(0x0000000057320000,0x0000000057420000)]
  0x000000000027e800 JavaThread "main" [_thread_blocked, id=4216, stack(0x0000000002110000,0x0000000002210000)]

Other Threads:
  0x00000000561e9800 VMThread [stack: 0x0000000057040000,0x0000000057140000] [id=3208]
  0x00000000575be000 WatcherThread [stack: 0x0000000058120000,0x0000000058220000] [id=5156]

=>0x0000000001e50000 (exited) GCTaskThread [stack: 0x0000000012270000,0x0000000012370000] [id=5772]

VM state:at safepoint (normal execution)

VM Mutex/Monitor currently owned by a thread:  ([mutex/lock_event])
[0x000000000027c980] Threads_lock - owner thread: 0x00000000561e9800
[0x000000000027ce80] Heap_lock - owner thread: 0x00000000596d2000

heap address: 0x00000000a0000000, size: 1536 MB, Compressed Oops mode: 32-bit
Narrow klass base: 0x0000000000000000, Narrow klass shift: 0
Compressed class space size: 1073741824 Address: 0x0000000015860000

Heap:
 PSYoungGen      total 420864K, used 384619K [0x00000000e0000000, 0x0000000100000000, 0x0000000100000000)
  eden space 334848K, 100% used [0x00000000e0000000,0x00000000f4700000,0x00000000f4700000)
  from space 86016K, 57% used [0x00000000f9c80000,0x00000000fcd1aea0,0x00000000ff080000)
  to   space 87552K, 51% used [0x00000000f4700000,0x00000000f7320e70,0x00000000f9c80000)
 ParOldGen       total 207360K, used 85233K [0x00000000a0000000, 0x00000000aca80000, 0x00000000e0000000)
  object space 207360K, 41% used [0x00000000a0000000,0x00000000a533c4f0,0x00000000aca80000)
 Metaspace       used 104854K, capacity 109336K, committed 109440K, reserved 1144832K
  class space    used 13429K, capacity 14422K, committed 14464K, reserved 1048576K

Card table byte_map: [0x00000000118a0000,0x0000000011bb0000] byte_map_base: 0x00000000113a0000

Marking Bits: (ParMarkBitMap*) 0x0000000062fef030
 Begin Bits: [0x0000000012560000, 0x0000000013d60000)
 End Bits:   [0x0000000013d60000, 0x0000000015560000)

Polling page: 0x0000000000110000

CodeCache: size=245760Kb used=59493Kb max_used=59524Kb free=186266Kb
 bounds [0x00000000024e0000, 0x0000000005f50000, 0x00000000114e0000]
 total_blobs=18153 nmethods=17230 adapters=835
 compilation: enabled

Compilation events (10 events):
Event: 3966.192 Thread 0x0000000057541000 22345       3       com.google.common.cache.LocalCache$Segment::recordRead (29 bytes)
Event: 3966.193 Thread 0x0000000057541000 nmethod 22345 0x0000000005f055d0 code [0x0000000005f05780, 0x0000000005f05cf8]
Event: 3966.193 Thread 0x0000000057541000 22346       3       com.google.common.cache.CacheBuilder$1::recordHits (1 bytes)
Event: 3966.193 Thread 0x0000000057541000 nmethod 22346 0x0000000005ef4950 code [0x0000000005ef4aa0, 0x0000000005ef4bf0]
Event: 3966.196 Thread 0x0000000057541000 22347       1       com.android.ide.common.resources.ResourceMergerItem::getLibraryName (5 bytes)
Event: 3966.196 Thread 0x0000000057541000 nmethod 22347 0x0000000005f052d0 code [0x0000000005f05420, 0x0000000005f05530]
Event: 3966.196 Thread 0x0000000057541000 22348       1       com.android.ide.common.resources.ResourceMergerItem::getNamespace (5 bytes)
Event: 3966.196 Thread 0x0000000057541000 nmethod 22348 0x0000000005f23050 code [0x0000000005f231a0, 0x0000000005f232b0]
Event: 3966.369 Thread 0x0000000057523800 nmethod 22334 0x0000000005f43790 code [0x0000000005f43da0, 0x0000000005f48ac0]
Event: 3966.369 Thread 0x0000000057523800 22350       4       com.android.ide.common.resources.NodeUtils::updateNamespace (161 bytes)

GC Heap History (10 events):
Event: 1280.239 GC heap after
Heap after GC invocations=24 (full 5):
 PSYoungGen      total 378880K, used 76270K [0x00000000e0000000, 0x0000000100000000, 0x0000000100000000)
  eden space 302592K, 0% used [0x00000000e0000000,0x00000000e0000000,0x00000000f2780000)
  from space 76288K, 99% used [0x00000000f2780000,0x00000000f71fbb80,0x00000000f7200000)
  to   space 95744K, 0% used [0x00000000fa280000,0x00000000fa280000,0x0000000100000000)
 ParOldGen       total 252928K, used 175300K [0x00000000a0000000, 0x00000000af700000, 0x00000000e0000000)
  object space 252928K, 69% used [0x00000000a0000000,0x00000000aab31038,0x00000000af700000)
 Metaspace       used 91294K, capacity 94480K, committed 94592K, reserved 1130496K
  class space    used 11846K, capacity 12604K, committed 12672K, reserved 1048576K
}
Event: 1290.625 GC heap before
{Heap before GC invocations=25 (full 5):
 PSYoungGen      total 378880K, used 378862K [0x00000000e0000000, 0x0000000100000000, 0x0000000100000000)
  eden space 302592K, 100% used [0x00000000e0000000,0x00000000f2780000,0x00000000f2780000)
  from space 76288K, 99% used [0x00000000f2780000,0x00000000f71fbb80,0x00000000f7200000)
  to   space 95744K, 0% used [0x00000000fa280000,0x00000000fa280000,0x0000000100000000)
 ParOldGen       total 252928K, used 175300K [0x00000000a0000000, 0x00000000af700000, 0x00000000e0000000)
  object space 252928K, 69% used [0x00000000a0000000,0x00000000aab31038,0x00000000af700000)
 Metaspace       used 92806K, capacity 96010K, committed 96256K, reserved 1132544K
  class space    used 11940K, capacity 12705K, committed 12800K, reserved 1048576K
Event: 1290.875 GC heap after
Heap after GC invocations=25 (full 5):
 PSYoungGen      total 432128K, used 17089K [0x00000000e0000000, 0x0000000100000000, 0x0000000100000000)
  eden space 336384K, 0% used [0x00000000e0000000,0x00000000e0000000,0x00000000f4880000)
  from space 95744K, 17% used [0x00000000fa280000,0x00000000fb330488,0x0000000100000000)
  to   space 92160K, 0% used [0x00000000f4880000,0x00000000f4880000,0x00000000fa280000)
 ParOldGen       total 252928K, used 238847K [0x00000000a0000000, 0x00000000af700000, 0x00000000e0000000)
  object space 252928K, 94% used [0x00000000a0000000,0x00000000ae93fea8,0x00000000af700000)
 Metaspace       used 92806K, capacity 96010K, committed 96256K, reserved 1132544K
  class space    used 11940K, capacity 12705K, committed 12800K, reserved 1048576K
}
Event: 1290.875 GC heap before
{Heap before GC invocations=26 (full 6):
 PSYoungGen      total 432128K, used 17089K [0x00000000e0000000, 0x0000000100000000, 0x0000000100000000)
  eden space 336384K, 0% used [0x00000000e0000000,0x00000000e0000000,0x00000000f4880000)
  from space 95744K, 17% used [0x00000000fa280000,0x00000000fb330488,0x0000000100000000)
  to   space 92160K, 0% used [0x00000000f4880000,0x00000000f4880000,0x00000000fa280000)
 ParOldGen       total 252928K, used 238847K [0x00000000a0000000, 0x00000000af700000, 0x00000000e0000000)
  object space 252928K, 94% used [0x00000000a0000000,0x00000000ae93fea8,0x00000000af700000)
 Metaspace       used 92806K, capacity 96010K, committed 96256K, reserved 1132544K
  class space    used 11940K, capacity 12705K, committed 12800K, reserved 1048576K
Event: 1291.559 GC heap after
Heap after GC invocations=26 (full 6):
 PSYoungGen      total 432128K, used 0K [0x00000000e0000000, 0x0000000100000000, 0x0000000100000000)
  eden space 336384K, 0% used [0x00000000e0000000,0x00000000e0000000,0x00000000f4880000)
  from space 95744K, 0% used [0x00000000fa280000,0x00000000fa280000,0x0000000100000000)
  to   space 92160K, 0% used [0x00000000f4880000,0x00000000f4880000,0x00000000fa280000)
 ParOldGen       total 207360K, used 85209K [0x00000000a0000000, 0x00000000aca80000, 0x00000000e0000000)
  object space 207360K, 41% used [0x00000000a0000000,0x00000000a53364f0,0x00000000aca80000)
 Metaspace       used 91694K, capacity 94860K, committed 96256K, reserved 1132544K
  class space    used 11841K, capacity 12598K, committed 12800K, reserved 1048576K
}
Event: 1343.888 GC heap before
{Heap before GC invocations=27 (full 6):
 PSYoungGen      total 432128K, used 336384K [0x00000000e0000000, 0x0000000100000000, 0x0000000100000000)
  eden space 336384K, 100% used [0x00000000e0000000,0x00000000f4880000,0x00000000f4880000)
  from space 95744K, 0% used [0x00000000fa280000,0x00000000fa280000,0x0000000100000000)
  to   space 92160K, 0% used [0x00000000f4880000,0x00000000f4880000,0x00000000fa280000)
 ParOldGen       total 207360K, used 85209K [0x00000000a0000000, 0x00000000aca80000, 0x00000000e0000000)
  object space 207360K, 41% used [0x00000000a0000000,0x00000000a53364f0,0x00000000aca80000)
 Metaspace       used 101716K, capacity 105776K, committed 105984K, reserved 1140736K
  class space    used 13082K, capacity 13986K, committed 14080K, reserved 1048576K
Event: 1343.924 GC heap after
Heap after GC invocations=27 (full 6):
 PSYoungGen      total 368640K, used 31856K [0x00000000e0000000, 0x00000000ff080000, 0x0000000100000000)
  eden space 336384K, 0% used [0x00000000e0000000,0x00000000e0000000,0x00000000f4880000)
  from space 32256K, 98% used [0x00000000f4880000,0x00000000f679c220,0x00000000f6800000)
  to   space 86016K, 0% used [0x00000000f9c80000,0x00000000f9c80000,0x00000000ff080000)
 ParOldGen       total 207360K, used 85217K [0x00000000a0000000, 0x00000000aca80000, 0x00000000e0000000)
  object space 207360K, 41% used [0x00000000a0000000,0x00000000a53384f0,0x00000000aca80000)
 Metaspace       used 101716K, capacity 105776K, committed 105984K, reserved 1140736K
  class space    used 13082K, capacity 13986K, committed 14080K, reserved 1048576K
}
Event: 1352.305 GC heap before
{Heap before GC invocations=28 (full 6):
 PSYoungGen      total 368640K, used 368240K [0x00000000e0000000, 0x00000000ff080000, 0x0000000100000000)
  eden space 336384K, 100% used [0x00000000e0000000,0x00000000f4880000,0x00000000f4880000)
  from space 32256K, 98% used [0x00000000f4880000,0x00000000f679c220,0x00000000f6800000)
  to   space 86016K, 0% used [0x00000000f9c80000,0x00000000f9c80000,0x00000000ff080000)
 ParOldGen       total 207360K, used 85217K [0x00000000a0000000, 0x00000000aca80000, 0x00000000e0000000)
  object space 207360K, 41% used [0x00000000a0000000,0x00000000a53384f0,0x00000000aca80000)
 Metaspace       used 103373K, capacity 107622K, committed 107904K, reserved 1142784K
  class space    used 13252K, capacity 14173K, committed 14208K, reserved 1048576K
Event: 1352.351 GC heap after
Heap after GC invocations=28 (full 6):
 PSYoungGen      total 420864K, used 49771K [0x00000000e0000000, 0x0000000100000000, 0x0000000100000000)
  eden space 334848K, 0% used [0x00000000e0000000,0x00000000e0000000,0x00000000f4700000)
  from space 86016K, 57% used [0x00000000f9c80000,0x00000000fcd1aea0,0x00000000ff080000)
  to   space 87552K, 0% used [0x00000000f4700000,0x00000000f4700000,0x00000000f9c80000)
 ParOldGen       total 207360K, used 85225K [0x00000000a0000000, 0x00000000aca80000, 0x00000000e0000000)
  object space 207360K, 41% used [0x00000000a0000000,0x00000000a533a4f0,0x00000000aca80000)
 Metaspace       used 103373K, capacity 107622K, committed 107904K, reserved 1142784K
  class space    used 13252K, capacity 14173K, committed 14208K, reserved 1048576K
}
Event: 3966.386 GC heap before
{Heap before GC invocations=29 (full 6):
 PSYoungGen      total 420864K, used 384619K [0x00000000e0000000, 0x0000000100000000, 0x0000000100000000)
  eden space 334848K, 100% used [0x00000000e0000000,0x00000000f4700000,0x00000000f4700000)
  from space 86016K, 57% used [0x00000000f9c80000,0x00000000fcd1aea0,0x00000000ff080000)
  to   space 87552K, 0% used [0x00000000f4700000,0x00000000f4700000,0x00000000f9c80000)
 ParOldGen       total 207360K, used 85225K [0x00000000a0000000, 0x00000000aca80000, 0x00000000e0000000)
  object space 207360K, 41% used [0x00000000a0000000,0x00000000a533a4f0,0x00000000aca80000)
 Metaspace       used 104854K, capacity 109336K, committed 109440K, reserved 1144832K
  class space    used 13429K, capacity 14422K, committed 14464K, reserved 1048576K

Deoptimization events (10 events):
Event: 3961.898 Thread 0x00000000596d2000 Uncommon trap: reason=bimorphic action=maybe_recompile pc=0x000000000477bed8 method=com.google.common.collect.ImmutableList$1.get(I)Ljava/lang/Object; @ 5
Event: 3961.898 Thread 0x00000000596d2000 Uncommon trap: reason=bimorphic action=maybe_recompile pc=0x000000000477bed8 method=com.google.common.collect.ImmutableList$1.get(I)Ljava/lang/Object; @ 5
Event: 3961.899 Thread 0x00000000596d2000 Uncommon trap: reason=bimorphic action=maybe_recompile pc=0x000000000477bed8 method=com.google.common.collect.ImmutableList$1.get(I)Ljava/lang/Object; @ 5
Event: 3961.899 Thread 0x00000000596d2000 Uncommon trap: reason=bimorphic action=maybe_recompile pc=0x000000000477bed8 method=com.google.common.collect.ImmutableList$1.get(I)Ljava/lang/Object; @ 5
Event: 3965.670 Thread 0x00000000596d2000 Uncommon trap: reason=class_check action=maybe_recompile pc=0x0000000004574d38 method=com.android.ide.common.resources.ValueResourceParser2.getType(Lorg/w3c/dom/Node;Ljava/io/File;)Lcom/android/resources/ResourceType; @ 1
Event: 3965.778 Thread 0x00000000596d2000 Uncommon trap: reason=unstable_if action=reinterpret pc=0x00000000045e7c90 method=com.android.ide.common.resources.ResourceMerger.filterAccept(Lcom/android/ide/common/resources/ResourceMergerItem;)Z @ 4
Event: 3966.231 Thread 0x00000000596d2000 Uncommon trap: reason=unstable_if action=reinterpret pc=0x0000000004688b58 method=com.android.ide.common.resources.DataMerger.mergeData(Lcom/android/ide/common/resources/MergeConsumer;Z)V @ 95
Event: 3966.231 Thread 0x00000000596d2000 Uncommon trap: reason=class_check action=maybe_recompile pc=0x0000000005b36cc8 method=java.util.Spliterators.spliteratorUnknownSize(Ljava/util/Iterator;I)Ljava/util/Spliterator; @ 8
Event: 3966.238 Thread 0x00000000596d2000 Uncommon trap: reason=null_check action=make_not_entrant pc=0x00000000046d7a84 method=com.android.ide.common.resources.NodeUtils.processSingleNodeNamespace(Lorg/w3c/dom/Node;Lorg/w3c/dom/Document;)Z @ 8
Event: 3966.238 Thread 0x00000000596d2000 Uncommon trap: reason=null_check action=make_not_entrant pc=0x00000000046d30a0 method=com.android.ide.common.resources.NodeUtils.processSingleNodeNamespace(Lorg/w3c/dom/Node;Lorg/w3c/dom/Document;)Z @ 8

Classes redefined (0 events):
No events

Internal exceptions (10 events):
Event: 3950.110 Thread 0x00000000596d2000 Exception <a 'sun/nio/fs/WindowsException'> (0x00000000e602cff0) thrown at [C:\src\AOSP-openjdk-git\hotspot\src\share\vm\prims\jni.cpp, line 710]
Event: 3950.110 Thread 0x00000000596d2000 Exception <a 'sun/nio/fs/WindowsException'> (0x00000000e602d9f0) thrown at [C:\src\AOSP-openjdk-git\hotspot\src\share\vm\prims\jni.cpp, line 710]
Event: 3950.111 Thread 0x00000000596d2000 Exception <a 'sun/nio/fs/WindowsException'> (0x00000000e60310a8) thrown at [C:\src\AOSP-openjdk-git\hotspot\src\share\vm\prims\jni.cpp, line 710]
Event: 3950.111 Thread 0x00000000596d2000 Exception <a 'sun/nio/fs/WindowsException'> (0x00000000e6031aa8) thrown at [C:\src\AOSP-openjdk-git\hotspot\src\share\vm\prims\jni.cpp, line 710]
Event: 3950.112 Thread 0x00000000596d2000 Exception <a 'sun/nio/fs/WindowsException'> (0x00000000e6033ae8) thrown at [C:\src\AOSP-openjdk-git\hotspot\src\share\vm\prims\jni.cpp, line 710]
Event: 3950.112 Thread 0x00000000596d2000 Exception <a 'sun/nio/fs/WindowsException'> (0x00000000e60344e8) thrown at [C:\src\AOSP-openjdk-git\hotspot\src\share\vm\prims\jni.cpp, line 710]
Event: 3962.665 Thread 0x000000005cda9000 Exception <a 'java/net/UnknownHostException': api.crashlytics.com> (0x00000000ed1b9818) thrown at [C:\src\AOSP-openjdk-git\hotspot\src\share\vm\prims\jni.cpp, line 737]
Event: 3965.778 Thread 0x00000000596d2000 Implicit null exception at 0x00000000045e7363 to 0x00000000045e7c79
Event: 3966.238 Thread 0x00000000596d2000 Implicit null exception at 0x00000000046d477b to 0x00000000046d7a4d
Event: 3966.238 Thread 0x00000000596d2000 Implicit null exception at 0x00000000046d277b to 0x00000000046d3091

Events (10 events):
Event: 3966.383 Thread 0x00000000596d2000 DEOPT UNPACKING pc=0x00000000025275d0 sp=0x000000005f049350 mode 0
Event: 3966.383 Thread 0x00000000596d2000 DEOPT PACKING pc=0x0000000002acf107 sp=0x000000005f049600
Event: 3966.383 Thread 0x00000000596d2000 DEOPT UNPACKING pc=0x00000000025275d0 sp=0x000000005f049350 mode 0
Event: 3966.384 Thread 0x00000000596d2000 DEOPT PACKING pc=0x0000000002acf107 sp=0x000000005f049600
Event: 3966.384 Thread 0x00000000596d2000 DEOPT UNPACKING pc=0x00000000025275d0 sp=0x000000005f049350 mode 0
Event: 3966.385 Thread 0x00000000596d2000 DEOPT PACKING pc=0x0000000002acf107 sp=0x000000005f049600
Event: 3966.385 Thread 0x00000000596d2000 DEOPT UNPACKING pc=0x00000000025275d0 sp=0x000000005f049350 mode 0
Event: 3966.385 Thread 0x00000000596d2000 DEOPT PACKING pc=0x0000000002acf107 sp=0x000000005f049600
Event: 3966.385 Thread 0x00000000596d2000 DEOPT UNPACKING pc=0x00000000025275d0 sp=0x000000005f049350 mode 0
Event: 3966.386 Executing VM operation: ParallelGCFailedAllocation


Dynamic libraries:
0x000000013f590000 - 0x000000013f5c1000 	C:\Program Files\Android\Android Studio\jre\bin\java.exe
0x0000000077000000 - 0x000000007719f000 	C:\Windows\SYSTEM32\ntdll.dll
0x0000000076de0000 - 0x0000000076eff000 	C:\Windows\system32\kernel32.dll
0x000007fefce80000 - 0x000007fefcee7000 	C:\Windows\system32\KERNELBASE.dll
0x000007fefdee0000 - 0x000007fefdfbb000 	C:\Windows\system32\ADVAPI32.dll
0x000007fefd420000 - 0x000007fefd4bf000 	C:\Windows\system32\msvcrt.dll
0x000007fefd970000 - 0x000007fefd98f000 	C:\Windows\SYSTEM32\sechost.dll
0x000007fefcf10000 - 0x000007fefd03c000 	C:\Windows\system32\RPCRT4.dll
0x0000000076f00000 - 0x0000000076ffb000 	C:\Windows\system32\USER32.dll
0x000007fefe4f0000 - 0x000007fefe557000 	C:\Windows\system32\GDI32.dll
0x000007fefdcc0000 - 0x000007fefdcce000 	C:\Windows\system32\LPK.dll
0x000007fefdb10000 - 0x000007fefdbdb000 	C:\Windows\system32\USP10.dll
0x000007fefb100000 - 0x000007fefb2f5000 	C:\Windows\WinSxS\amd64_microsoft.windows.common-controls_6595b64144ccf1df_6.0.7601.24483_none_e372d88f30fbb845\COMCTL32.dll
0x000007fefda90000 - 0x000007fefdb01000 	C:\Windows\system32\SHLWAPI.dll
0x000007fefdcd0000 - 0x000007fefdcfe000 	C:\Windows\system32\IMM32.DLL
0x000007fefd040000 - 0x000007fefd14b000 	C:\Windows\system32\MSCTF.dll
0x000000006d380000 - 0x000000006d452000 	C:\Program Files\Android\Android Studio\jre\jre\bin\msvcr100.dll
0x0000000062820000 - 0x000000006306b000 	C:\Program Files\Android\Android Studio\jre\jre\bin\server\jvm.dll
0x000007fef62e0000 - 0x000007fef62e9000 	C:\Windows\system32\WSOCK32.dll
0x000007fefdfc0000 - 0x000007fefe00d000 	C:\Windows\system32\WS2_32.dll
0x000007fefe010000 - 0x000007fefe018000 	C:\Windows\system32\NSI.dll
0x000007fef6610000 - 0x000007fef664b000 	C:\Windows\system32\WINMM.dll
0x000007fefbc30000 - 0x000007fefbc3c000 	C:\Windows\system32\VERSION.dll
0x00000000771a0000 - 0x00000000771a7000 	C:\Windows\system32\PSAPI.DLL
0x000007fef6a70000 - 0x000007fef6a7f000 	C:\Program Files\Android\Android Studio\jre\jre\bin\verify.dll
0x000007fef5170000 - 0x000007fef5199000 	C:\Program Files\Android\Android Studio\jre\jre\bin\java.dll
0x000007fef68a0000 - 0x000007fef68b6000 	C:\Program Files\Android\Android Studio\jre\jre\bin\zip.dll
0x000007fefe560000 - 0x000007feff2eb000 	C:\Windows\system32\SHELL32.dll
0x000007fefe160000 - 0x000007fefe35f000 	C:\Windows\system32\ole32.dll
0x000007fefcb60000 - 0x000007fefcb6f000 	C:\Windows\system32\profapi.dll
0x000007fef5150000 - 0x000007fef516a000 	C:\Program Files\Android\Android Studio\jre\jre\bin\net.dll
0x000007fefc290000 - 0x000007fefc2e5000 	C:\Windows\system32\mswsock.dll
0x000007fefc280000 - 0x000007fefc287000 	C:\Windows\System32\wship6.dll
0x000007fef5130000 - 0x000007fef5143000 	C:\Program Files\Android\Android Studio\jre\jre\bin\nio.dll
0x000007fef4c80000 - 0x000007fef4c9e000 	C:\Users\Keval\.gradle\native\25\windows-amd64\native-platform.dll
0x000007fef6a80000 - 0x000007fef6a8d000 	C:\Program Files\Android\Android Studio\jre\jre\bin\management.dll
0x000007fefc2f0000 - 0x000007fefc308000 	C:\Windows\system32\CRYPTSP.dll
0x000007fefbff0000 - 0x000007fefc037000 	C:\Windows\system32\rsaenh.dll
0x000007fefcb70000 - 0x000007fefcb8f000 	C:\Windows\system32\USERENV.dll
0x000007fefc950000 - 0x000007fefc95f000 	C:\Windows\system32\CRYPTBASE.dll
0x000007fefa740000 - 0x000007fefa767000 	C:\Windows\system32\IPHLPAPI.DLL
0x000007fefa7f0000 - 0x000007fefa7fb000 	C:\Windows\system32\WINNSI.DLL
0x000007fefa6b0000 - 0x000007fefa6c8000 	C:\Windows\system32\dhcpcsvc.DLL
0x000007fefa650000 - 0x000007fefa661000 	C:\Windows\system32\dhcpcsvc6.DLL
0x000007fef4c40000 - 0x000007fef4c64000 	C:\Program Files\Android\Android Studio\jre\jre\bin\sunec.dll
0x000007fefbd00000 - 0x000007fefbd07000 	C:\Windows\System32\wshtcpip.dll
0x000007fefc110000 - 0x000007fefc16b000 	C:\Windows\system32\DNSAPI.dll
0x000007fef9290000 - 0x000007fef9298000 	C:\Windows\system32\rasadhlp.dll
0x000007fefa790000 - 0x000007fefa7e3000 	C:\Windows\System32\fwpuclnt.dll
0x000007fef69d0000 - 0x000007fef69db000 	C:\Program Files\Android\Android Studio\jre\jre\bin\sunmscapi.dll
0x000007fefcb90000 - 0x000007fefccfd000 	C:\Windows\system32\CRYPT32.dll
0x000007fefcb50000 - 0x000007fefcb5f000 	C:\Windows\system32\MSASN1.dll
0x000007fefca40000 - 0x000007fefca97000 	C:\Windows\system32\apphelp.dll
0x000007feea360000 - 0x000007feea485000 	C:\Windows\system32\dbghelp.dll

VM Arguments:
jvm_args: -Xmx1536m -Dfile.encoding=windows-1252 -Duser.country=US -Duser.language=en -Duser.variant 
java_command: org.gradle.launcher.daemon.bootstrap.GradleDaemon 5.1.1
java_class_path (initial): C:\Users\Keval\.gradle\wrapper\dists\gradle-5.1.1-all\97z1ksx6lirer3kbvdnh7jtjg\gradle-5.1.1\lib\gradle-launcher-5.1.1.jar
Launcher Type: SUN_STANDARD

Environment Variables:
PATH=C:\Program Files (x86)\Common Files\Oracle\Java\javapath;C:\Windows\system32;C:\Windows;C:\Windows\System32\Wbem;C:\Windows\System32\WindowsPowerShell\v1.0\;C:\Program Files\Java\jdk1.8.0_191\bin;C:\Program Files\Git\cmd;C:\Program Files\Git\bin;C:\Program Files\TortoiseSVN\bin
USERNAME=Keval
OS=Windows_NT
PROCESSOR_IDENTIFIER=Intel64 Family 6 Model 42 Stepping 7, GenuineIntel



---------------  S Y S T E M  ---------------

OS: Windows 7 , 64 bit Build 7601 (6.1.7601.24545)

CPU:total 4 (initial active 4) (2 cores per cpu, 2 threads per core) family 6 model 42 stepping 7, cmov, cx8, fxsr, mmx, sse, sse2, sse3, ssse3, sse4.1, sse4.2, popcnt, avx, clmul, ht, tsc, tscinvbit

Memory: 4k page, physical 4136816k(247384k free), swap 8271732k(3494076k free)

vm_info: OpenJDK 64-Bit Server VM (25.242-b01) for windows-amd64 JRE (1.8.0_242-release-1644-b01), built by "builder" with MS VC++ 10.0 (VS2010)

time: Thu Jul 09 14:22:51 2020
timezone: India Standard Time
elapsed time: 3966 seconds (0d 1h 6m 6s)

